<?xml version="1.0" encoding="UTF-8"?>
<!-- Generated by org.testng.reporters.JUnitXMLReporter -->
<testsuite hostname="DESKTOP-CI7NK1H" name="Default test" tests="19" failures="0" timestamp="25 Aug 2017 21:31:41 GMT" time="0.187" errors="0">
  <testcase name="TVShow" time="0.016" classname="bwi.prog2B.SS2017.wi16b138_Palatin.ES03.TVShowTest"/>
  <testcase name="TVShowEvent" time="0.0" classname="bwi.prog2B.SS2017.wi16b138_Palatin.ES03.TVShowTest"/>
  <testcase name="TVShowTVShow" time="0.0" classname="bwi.prog2B.SS2017.wi16b138_Palatin.ES03.TVShowTest"/>
  <testcase name="getName" time="0.0" classname="bwi.prog2B.SS2017.wi16b138_Palatin.ES03.TVShowTest"/>
  <testcase name="getName" time="0.0" classname="bwi.prog2B.SS2017.wi16b138_Palatin.ES03.TVShowTest"/>
  <testcase name="getViewers" time="0.0" classname="bwi.prog2B.SS2017.wi16b138_Palatin.ES03.TVShowTest"/>
  <testcase name="getViewers" time="0.0" classname="bwi.prog2B.SS2017.wi16b138_Palatin.ES03.TVShowTest"/>
  <testcase name="getViewers" time="0.0" classname="bwi.prog2B.SS2017.wi16b138_Palatin.ES03.TVShowTest"/>
  <testcase name="impact" time="0.0" classname="bwi.prog2B.SS2017.wi16b138_Palatin.ES03.TVShowTest"/>
  <testcase name="impact" time="0.0" classname="bwi.prog2B.SS2017.wi16b138_Palatin.ES03.TVShowTest"/>
  <testcase name="impact" time="0.0" classname="bwi.prog2B.SS2017.wi16b138_Palatin.ES03.TVShowTest"/>
  <testcase name="impact" time="0.0" classname="bwi.prog2B.SS2017.wi16b138_Palatin.ES03.TVShowTest"/>
  <testcase name="setName" time="0.0" classname="bwi.prog2B.SS2017.wi16b138_Palatin.ES03.TVShowTest"/>
  <testcase name="setName" time="0.0" classname="bwi.prog2B.SS2017.wi16b138_Palatin.ES03.TVShowTest"/>
  <testcase name="setViewers" time="0.0" classname="bwi.prog2B.SS2017.wi16b138_Palatin.ES03.TVShowTest"/>
  <testcase name="setViewers" time="0.0" classname="bwi.prog2B.SS2017.wi16b138_Palatin.ES03.TVShowTest"/>
  <testcase name="setViewers" time="0.0" classname="bwi.prog2B.SS2017.wi16b138_Palatin.ES03.TVShowTest"/>
  <testcase name="testtoString" time="0.0" classname="bwi.prog2B.SS2017.wi16b138_Palatin.ES03.TVShowTest"/>
  <testcase name="testtoString2" time="0.109" classname="bwi.prog2B.SS2017.wi16b138_Palatin.ES03.TVShowTest"/>
</testsuite> <!-- Default test -->
